<?xml version="1.0" encoding="UTF-8"?>
<!-- Generated by org.testng.reporters.JUnitXMLReporter -->
<testsuite ignored="0" hostname="DESKTOP-4FFBNMC" failures="0" tests="6" name="EdgeTest" time="5.875" errors="0" timestamp="2025-03-21T21:45:56 IST">
  <testcase classname="testClasses.LoginPageTestCases" name="verifyRememberMeCheckBoxIsNotCheckedByDefault" time="0.0">
    <skipped/>
  </testcase> <!-- verifyRememberMeCheckBoxIsNotCheckedByDefault -->
  <testcase classname="testClasses.LoginPageTestCases" name="verifySuccessfulLogIn" time="0.0">
    <skipped/>
  </testcase> <!-- verifySuccessfulLogIn -->
  <testcase classname="testClasses.LoginPageTestCases" name="verifyTheExactPageIsOpenesWhileHittingTheURL_UsingTitle" time="0.0">
    <skipped/>
  </testcase> <!-- verifyTheExactPageIsOpenesWhileHittingTheURL_UsingTitle -->
  <testcase classname="testClasses.LoginPageTestCases" name="verifyUnSuccessfulLogIn" time="0.0">
    <skipped/>
  </testcase> <!-- verifyUnSuccessfulLogIn -->
  <testcase classname="testClasses.LoginPageTestCases" name="verifyUnSuccessfulLogIn" time="0.0">
    <skipped/>
  </testcase> <!-- verifyUnSuccessfulLogIn -->
  <testcase classname="testClasses.LoginPageTestCases" name="verifyUnSuccessfulLogIn" time="0.0">
    <skipped/>
  </testcase> <!-- verifyUnSuccessfulLogIn -->
</testsuite> <!-- EdgeTest -->
