<?xml version="1.0" encoding="UTF-8"?>
<!-- Generated by org.testng.reporters.JUnitXMLReporter -->
<testsuite ignored="3" hostname="DESKTOP-4FFBNMC" failures="0" tests="3" name="GroupingTest" time="12.18" errors="0" timestamp="2025-03-21T21:07:30 IST">
  <testcase classname="testClasses.ManageProductTestCases" name="verifyTheSeachFunctionality" time="1.601"/>
  <testcase classname="testClasses.LoginPageTestCases" name="verifySuccessfulLogIn" time="0.637"/>
  <testcase classname="testClasses.LoginPageTestCases" name="verifyTheExactPageIsOpenesWhileHittingTheURL_UsingTitle" time="0.054"/>
  <testcase classname="testClasses.LoginPageTestCases" name="verifyUnSuccessfulLogIn" time="0.0">
    <ignored/>
  </testcase> <!-- verifyUnSuccessfulLogIn -->
  <testcase classname="testClasses.LoginPageTestCases" name="verifyRememberMeCheckBoxIsNotCheckedByDefault" time="0.0">
    <ignored/>
  </testcase> <!-- verifyRememberMeCheckBoxIsNotCheckedByDefault -->
  <testcase classname="testClasses.ManageProductTestCases" name="verifyAllOptionsFromCategoryDropdown" time="0.0">
    <ignored/>
  </testcase> <!-- verifyAllOptionsFromCategoryDropdown -->
</testsuite> <!-- GroupingTest -->
